<?xml version="1.0" encoding="UTF-8"?>
<!-- Generated by org.testng.reporters.JUnitReportReporter -->
<testsuite hostname="MSI" failures="0" tests="2" name="com.bookmyshow.in.SportsSearchSuite" time="65.202" errors="0" timestamp="2021-07-26T22:17:19 IST" skipped="0">
  <testcase classname="com.bookmyshow.in.SportsSearchSuite" name="searchSuite" time="48.520"/>
  <system-out>
Error message for invalid email is: Enter a valid email or phone number Sports available for this weekend:  </system-out>
  <testcase classname="com.bookmyshow.in.SportsSearchSuite" name="movieSearchSuite" time="16.682"/>
  <system-out>
All available languages are:  </system-out>
</testsuite> <!-- com.bookmyshow.in.SportsSearchSuite -->
